{"level":"info","message":"Connected to MongoDB","timestamp":"2024-02-08T16:14:49.176Z"}
{"level":"info","message":"Connected to MongoDB","timestamp":"2024-02-08T16:15:41.846Z"}
{"level":"info","message":"Connected to MongoDB","timestamp":"2024-02-08T16:15:49.500Z"}
{"level":"info","message":"Connected to MongoDB","timestamp":"2024-02-08T16:19:07.693Z"}
{"level":"info","message":"Connected to MongoDB","timestamp":"2024-02-08T16:20:05.957Z"}
{"level":"info","message":"Connected to MongoDB","timestamp":"2024-02-08T16:22:22.790Z"}
{"level":"info","message":"Connected to MongoDB","timestamp":"2024-02-08T16:22:45.927Z"}
{"level":"info","message":"Connected to MongoDB","timestamp":"2024-02-08T16:22:57.465Z"}
{"level":"info","message":"Connected to MongoDB","timestamp":"2024-02-08T16:27:13.679Z"}
{"level":"info","message":"Connected to MongoDB","timestamp":"2024-02-08T16:28:48.868Z"}
{"level":"info","message":"Connected to MongoDB","timestamp":"2024-02-08T16:29:07.449Z"}
{"level":"info","message":"Connected to MongoDB","timestamp":"2024-02-08T16:30:33.528Z"}
{"level":"info","message":"Connected to MongoDB","timestamp":"2024-02-08T16:31:35.305Z"}
{"level":"info","message":"Connected to MongoDB","timestamp":"2024-02-08T16:32:02.550Z"}
{"level":"info","message":"Connected to MongoDB","timestamp":"2024-02-08T16:39:46.056Z"}
{"level":"info","message":"Connected to MongoDB","timestamp":"2024-02-08T20:32:20.200Z"}
{"level":"info","message":"Connected to MongoDB","timestamp":"2024-02-08T20:36:00.226Z"}
{"level":"info","message":"Connected to MongoDB","timestamp":"2024-02-08T20:36:24.490Z"}
{"level":"info","message":"Connected to MongoDB","timestamp":"2024-02-08T20:38:48.045Z"}
{"level":"info","message":"Connected to MongoDB","timestamp":"2024-02-08T20:40:06.147Z"}
{"level":"info","message":"Connected to MongoDB","timestamp":"2024-02-08T20:46:10.915Z"}
{"level":"info","message":"Connected to MongoDB","timestamp":"2024-02-08T20:46:35.421Z"}
{"level":"info","message":"Connected to MongoDB","timestamp":"2024-02-08T20:51:41.936Z"}
{"level":"info","message":"Connected to MongoDB","timestamp":"2024-02-08T20:58:18.945Z"}
{"level":"info","message":"Connected to MongoDB","timestamp":"2024-02-08T20:58:54.491Z"}
{"level":"info","message":"Connected to MongoDB","timestamp":"2024-02-08T21:08:31.205Z"}
{"level":"info","message":"Connected to MongoDB","timestamp":"2024-02-08T21:27:28.218Z"}
{"level":"info","message":"Connected to MongoDB","timestamp":"2024-02-08T21:28:03.841Z"}
{"level":"info","message":"Connected to MongoDB","timestamp":"2024-02-08T21:28:14.747Z"}
{"level":"info","message":"Connected to MongoDB","timestamp":"2024-02-08T21:59:56.332Z"}
{"level":"info","message":"Connected to MongoDB","timestamp":"2024-02-08T22:00:27.467Z"}
{"level":"info","message":"Connected to MongoDB","timestamp":"2024-02-08T22:00:35.193Z"}
{"level":"info","message":"Connected to MongoDB","timestamp":"2024-02-08T22:00:37.200Z"}
{"level":"info","message":"Connected to MongoDB","timestamp":"2024-02-08T22:02:15.262Z"}
{"level":"info","message":"Connected to MongoDB","timestamp":"2024-02-08T22:07:42.838Z"}
{"level":"info","message":"Connected to MongoDB","timestamp":"2024-02-08T22:08:30.876Z"}
{"level":"info","message":"Connected to MongoDB","timestamp":"2024-02-08T22:08:53.210Z"}
{"level":"info","message":"Connected to MongoDB","timestamp":"2024-02-08T22:09:42.946Z"}
{"level":"info","message":"Connected to MongoDB","timestamp":"2024-02-08T22:10:08.559Z"}
{"level":"info","message":"Connected to MongoDB","timestamp":"2024-02-08T22:10:19.818Z"}
{"level":"info","message":"Connected to MongoDB","timestamp":"2024-02-08T22:10:32.488Z"}
{"level":"info","message":"Connected to MongoDB","timestamp":"2024-02-08T22:27:44.454Z"}
{"level":"info","message":"Connected to MongoDB","timestamp":"2024-02-08T22:28:04.496Z"}
{"level":"info","message":"Connected to MongoDB","timestamp":"2024-02-08T22:28:44.286Z"}
{"level":"info","message":"Connected to MongoDB","timestamp":"2024-02-08T22:29:09.583Z"}
{"level":"info","message":"Connected to MongoDB","timestamp":"2024-02-08T22:29:23.978Z"}
{"level":"info","message":"Connected to MongoDB","timestamp":"2024-02-08T22:31:35.387Z"}
{"level":"info","message":"Connected to MongoDB","timestamp":"2024-02-08T22:32:30.886Z"}
{"level":"info","message":"Connected to MongoDB","timestamp":"2024-02-08T22:48:07.720Z"}
{"level":"info","message":"Connected to MongoDB","timestamp":"2024-02-08T22:58:47.753Z"}
{"level":"info","message":"Connected to MongoDB","timestamp":"2024-02-08T22:59:15.119Z"}
{"level":"info","message":"Connected to MongoDB","timestamp":"2024-02-08T23:02:05.007Z"}
{"level":"info","message":"Connected to MongoDB","timestamp":"2024-02-08T23:12:47.707Z"}
{"level":"info","message":"Connected to MongoDB","timestamp":"2024-02-08T23:13:46.559Z"}
{"level":"info","message":"Connected to MongoDB","timestamp":"2024-02-08T23:13:50.351Z"}
{"level":"info","message":"Connected to MongoDB","timestamp":"2024-02-08T23:15:51.691Z"}
{"level":"info","message":"Connected to MongoDB","timestamp":"2024-02-08T23:16:07.930Z"}
{"level":"info","message":"Connected to MongoDB","timestamp":"2024-02-08T23:17:09.480Z"}
{"level":"info","message":"Connected to MongoDB","timestamp":"2024-02-08T23:18:56.420Z"}
{"level":"info","message":"Connected to MongoDB","timestamp":"2024-02-08T23:19:37.164Z"}
{"level":"info","message":"Connected to MongoDB","timestamp":"2024-02-08T23:19:38.866Z"}
{"level":"info","message":"Connected to MongoDB","timestamp":"2024-02-08T23:20:15.223Z"}
{"level":"info","message":"Connected to MongoDB","timestamp":"2024-02-08T23:22:38.536Z"}
{"level":"info","message":"Connected to MongoDB","timestamp":"2024-02-08T23:25:07.360Z"}
{"level":"info","message":"Connected to MongoDB","timestamp":"2024-02-08T23:27:47.945Z"}
{"level":"info","message":"Connected to MongoDB","timestamp":"2024-02-08T23:29:00.503Z"}
{"level":"info","message":"Connected to MongoDB","timestamp":"2024-02-08T23:29:29.456Z"}
{"level":"info","message":"Connected to MongoDB","timestamp":"2024-02-08T23:32:46.629Z"}
{"level":"info","message":"Connected to MongoDB","timestamp":"2024-02-08T23:33:06.974Z"}
{"level":"info","message":"Connected to MongoDB","timestamp":"2024-02-08T23:33:09.513Z"}
{"level":"info","message":"Connected to MongoDB","timestamp":"2024-02-08T23:34:07.256Z"}
{"level":"info","message":"Connected to MongoDB","timestamp":"2024-02-08T23:58:40.572Z"}
{"level":"info","message":"Connected to MongoDB","timestamp":"2024-02-08T23:59:12.781Z"}
{"level":"info","message":"Connected to MongoDB","timestamp":"2024-02-09T00:08:35.462Z"}
{"level":"info","message":"Connected to MongoDB","timestamp":"2024-02-09T00:08:58.464Z"}
{"level":"info","message":"Connected to MongoDB","timestamp":"2024-02-09T00:14:13.681Z"}
{"level":"info","message":"Connected to MongoDB","timestamp":"2024-02-09T00:17:57.263Z"}
{"level":"info","message":"Connected to MongoDB","timestamp":"2024-02-09T00:18:25.497Z"}
{"level":"info","message":"Connected to MongoDB","timestamp":"2024-02-09T00:19:01.683Z"}
{"level":"info","message":"Connected to MongoDB","timestamp":"2024-02-09T09:35:07.466Z"}
{"level":"info","message":"Connected to MongoDB","timestamp":"2024-02-09T09:36:03.962Z"}
{"level":"info","message":"Connected to MongoDB","timestamp":"2024-02-09T10:00:15.463Z"}
{"expiredAt":"2024-02-09T00:30:08.000Z","level":"error","message":"jwt expired","name":"TokenExpiredError","timestamp":"2024-02-09T10:11:07.569Z"}
{"level":"info","message":"Connected to MongoDB","timestamp":"2024-02-09T10:12:27.264Z"}
{"level":"info","message":"Connected to MongoDB","timestamp":"2024-02-09T10:18:46.133Z"}
{"level":"info","message":"Connected to MongoDB","timestamp":"2024-02-09T10:19:08.004Z"}
{"level":"info","message":"Connected to MongoDB","timestamp":"2024-02-09T10:20:58.460Z"}
{"level":"info","message":"Connected to MongoDB","timestamp":"2024-02-09T10:23:41.139Z"}
{"level":"info","message":"Connected to MongoDB","timestamp":"2024-02-09T10:29:16.192Z"}
{"level":"info","message":"Connected to MongoDB","timestamp":"2024-02-09T10:29:41.983Z"}
{"level":"info","message":"Connected to MongoDB","timestamp":"2024-02-09T11:31:28.736Z"}
{"expiredAt":"2024-02-09T11:29:44.000Z","level":"error","message":"jwt expired","name":"TokenExpiredError","timestamp":"2024-02-09T11:31:34.456Z"}
{"level":"info","message":"Connected to MongoDB","timestamp":"2024-02-09T11:43:08.871Z"}
{"expiredAt":"2024-02-09T11:29:44.000Z","level":"error","message":"jwt expired","name":"TokenExpiredError","timestamp":"2024-02-09T11:43:13.004Z"}
{"level":"info","message":"Connected to MongoDB","timestamp":"2024-02-09T12:36:23.043Z"}
{"level":"info","message":"Connected to MongoDB","timestamp":"2024-02-09T12:50:26.048Z"}
{"level":"info","message":"Connected to MongoDB","timestamp":"2024-02-09T12:51:16.358Z"}
{"level":"info","message":"Connected to MongoDB","timestamp":"2024-02-09T12:52:00.683Z"}
{"expiredAt":"2024-02-09T11:29:44.000Z","level":"error","message":"jwt expired","name":"TokenExpiredError","timestamp":"2024-02-09T12:52:05.047Z"}
{"level":"info","message":"Connected to MongoDB","timestamp":"2024-02-09T12:53:58.216Z"}
{"expiredAt":"2024-02-09T11:29:44.000Z","level":"error","message":"jwt expired","name":"TokenExpiredError","timestamp":"2024-02-09T12:54:04.031Z"}
{"level":"info","message":"Connected to MongoDB","timestamp":"2024-02-09T12:56:14.958Z"}
{"level":"info","message":"Connected to MongoDB","timestamp":"2024-02-09T12:56:19.983Z"}
{"expiredAt":"2024-02-09T11:29:44.000Z","level":"error","message":"jwt expired","name":"TokenExpiredError","timestamp":"2024-02-09T12:56:23.900Z"}
{"level":"info","message":"Connected to MongoDB","timestamp":"2024-02-09T12:56:52.158Z"}
{"expiredAt":"2024-02-09T11:29:44.000Z","level":"error","message":"jwt expired","name":"TokenExpiredError","timestamp":"2024-02-09T13:02:07.532Z"}
{"level":"info","message":"Connected to MongoDB","timestamp":"2024-02-09T13:02:12.071Z"}
{"expiredAt":"2024-02-09T11:29:44.000Z","level":"error","message":"jwt expired","name":"TokenExpiredError","timestamp":"2024-02-09T13:02:15.148Z"}
{"level":"info","message":"Connected to MongoDB","timestamp":"2024-02-09T13:03:24.450Z"}
{"level":"info","message":"Connected to MongoDB","timestamp":"2024-02-09T13:05:39.206Z"}
{"level":"info","message":"Connected to MongoDB","timestamp":"2024-02-09T13:17:39.430Z"}
{"expiredAt":"2024-02-09T13:11:41.000Z","level":"error","message":"jwt expired","name":"TokenExpiredError","timestamp":"2024-02-09T13:17:48.155Z"}
{"level":"info","message":"Connected to MongoDB","timestamp":"2024-02-09T13:21:44.279Z"}
{"expiredAt":"2024-02-09T13:11:41.000Z","level":"error","message":"jwt expired","name":"TokenExpiredError","timestamp":"2024-02-09T13:21:48.470Z"}
{"level":"info","message":"deleted old access token","timestamp":"2024-02-09T13:21:48.482Z"}
{"level":"info","message":"Connected to MongoDB","timestamp":"2024-02-09T13:24:26.688Z"}
{"expiredAt":"2024-02-09T13:11:41.000Z","level":"error","message":"jwt expired","name":"TokenExpiredError","timestamp":"2024-02-09T13:24:32.113Z"}
{"level":"info","message":"deleted old access token","timestamp":"2024-02-09T13:24:32.118Z"}
{"level":"info","message":"Connected to MongoDB","timestamp":"2024-02-09T13:27:32.315Z"}
{"expiredAt":"2024-02-09T13:11:41.000Z","level":"error","message":"jwt expired","name":"TokenExpiredError","timestamp":"2024-02-09T13:27:35.727Z"}
{"level":"info","message":"deleted old access token","timestamp":"2024-02-09T13:27:35.732Z"}
{"level":"info","message":"refreshed new access token","timestamp":"2024-02-09T13:27:35.741Z"}
{"level":"info","message":"Connected to MongoDB","timestamp":"2024-02-09T13:30:01.059Z"}
{"expiredAt":"2024-02-09T13:11:41.000Z","level":"error","message":"jwt expired","name":"TokenExpiredError","timestamp":"2024-02-09T13:30:06.304Z"}
{"level":"info","message":"deleted old access token","timestamp":"2024-02-09T13:30:06.309Z"}
{"level":"info","message":"refreshed new access token","timestamp":"2024-02-09T13:30:06.318Z"}
{"level":"info","message":"Connected to MongoDB","timestamp":"2024-02-09T13:30:27.990Z"}
{"expiredAt":"2024-02-09T13:11:41.000Z","level":"error","message":"jwt expired","name":"TokenExpiredError","timestamp":"2024-02-09T13:30:38.656Z"}
{"level":"info","message":"deleted old access token","timestamp":"2024-02-09T13:30:38.661Z"}
{"level":"info","message":"refreshed new access token","timestamp":"2024-02-09T13:30:38.685Z"}
{"level":"info","message":"Connected to MongoDB","timestamp":"2024-02-09T13:50:32.449Z"}
{"level":"info","message":"Connected to MongoDB","timestamp":"2024-02-09T14:45:26.914Z"}
{"level":"info","message":"deleted  access token","timestamp":"2024-02-09T14:45:40.844Z"}
{"level":"info","message":"deleted refresh token","timestamp":"2024-02-09T14:45:40.847Z"}
